#
# There is insufficient memory for the Java Runtime Environment to continue.
# Native memory allocation (mmap) failed to map 132120576 bytes. Error detail: G1 virtual space
# Possible reasons:
#   The system is out of physical RAM or swap space
#   This process is running with CompressedOops enabled, and the Java Heap may be blocking the growth of the native heap
# Possible solutions:
#   Reduce memory load on the system
#   Increase physical memory or swap space
#   Check if swap backing store is full
#   Decrease Java heap size (-Xmx/-Xms)
#   Decrease number of Java threads
#   Decrease Java thread stack sizes (-Xss)
#   Set larger code cache with -XX:ReservedCodeCacheSize=
#   JVM is running with Unscaled Compressed Oops mode in which the Java heap is
#     placed in the first 4GB address space. The Java Heap base address is the
#     maximum limit for the native heap growth. Please use -XX:HeapBaseMinAddress
#     to set the Java Heap base and to place the Java Heap above 4GB virtual address.
# This output file may be truncated or incomplete.
#
#  Out of Memory Error (os_windows.cpp:3631), pid=62408, tid=28524
#
# JRE version:  (22.0.2+9) (build )
# Java VM: OpenJDK 64-Bit Server VM (22.0.2+9-70, mixed mode, sharing, tiered, compressed oops, compressed class ptrs, g1 gc, windows-amd64)
# No core dump will be written. Minidumps are not enabled by default on client versions of Windows
#

---------------  S U M M A R Y ------------

Command Line: C:\Users\lchra\AppData\Local\Temp\surefire4279284546970026445\surefirebooter969743006050551031.jar C:\Users\lchra\AppData\Local\Temp\surefire4279284546970026445 2024-08-22T21-17-29_221-jvmRun1 surefire2696289018320110387tmp surefire_03269058713058099226tmp

Host: 11th Gen Intel(R) Core(TM) i5-1135G7 @ 2.40GHz, 8 cores, 7G,  Windows 11 , 64 bit Build 22621 (10.0.22621.3672)
Time: Thu Aug 22 21:17:30 2024 India Standard Time elapsed time: 0.022841 seconds (0d 0h 0m 0s)

---------------  T H R E A D  ---------------

Current thread (0x00000178598716e0):  JavaThread "Unknown thread" [_thread_in_vm, id=28524, stack(0x0000004e22d00000,0x0000004e22e00000) (1024K)]

Stack: [0x0000004e22d00000,0x0000004e22e00000]
Native frames: (J=compiled Java code, j=interpreted, Vv=VM code, C=native code)
V  [jvm.dll+0x6e26e9]  (no source info available)
V  [jvm.dll+0x875753]  (no source info available)
V  [jvm.dll+0x877b7e]  (no source info available)
V  [jvm.dll+0x878253]  (no source info available)
V  [jvm.dll+0x27fc86]  (no source info available)
V  [jvm.dll+0x6ded85]  (no source info available)
V  [jvm.dll+0x6d388a]  (no source info available)
V  [jvm.dll+0x358b8a]  (no source info available)
V  [jvm.dll+0x3610b6]  (no source info available)
V  [jvm.dll+0x3b419e]  (no source info available)
V  [jvm.dll+0x3b4448]  (no source info available)
V  [jvm.dll+0x32c5ec]  (no source info available)
V  [jvm.dll+0x32d258]  (no source info available)
V  [jvm.dll+0x83d5ac]  (no source info available)
V  [jvm.dll+0x3c10d1]  (no source info available)
V  [jvm.dll+0x8264cc]  (no source info available)
V  [jvm.dll+0x45bd5e]  (no source info available)
V  [jvm.dll+0x45dbe1]  (no source info available)
C  [jli.dll+0x52a3]  (no source info available)
C  [ucrtbase.dll+0x29333]  (no source info available)
C  [KERNEL32.DLL+0x1257d]  (no source info available)
C  [ntdll.dll+0x5af28]  (no source info available)


---------------  P R O C E S S  ---------------

Threads class SMR info:
_java_thread_list=0x00007ffa0fe1c1c8, length=0, elements={
}

Java Threads: ( => current thread )
Total: 0

Other Threads:
  0x000001785ba1c2a0 WorkerThread "GC Thread#0"                     [id=30064, stack(0x0000004e22e00000,0x0000004e22f00000) (1024K)]
  0x000001785ba2cc10 ConcurrentGCThread "G1 Main Marker"            [id=57304, stack(0x0000004e22f00000,0x0000004e23000000) (1024K)]
  0x000001785ba2e070 WorkerThread "G1 Conc#0"                       [id=13004, stack(0x0000004e23000000,0x0000004e23100000) (1024K)]

[error occurred during error reporting (printing all threads), id 0xc0000005, EXCEPTION_ACCESS_VIOLATION (0xc0000005) at pc=0x00007ffa0f56f517]
VM state: not at safepoint (not fully initialized)

VM Mutex/Monitor currently owned by a thread:  ([mutex/lock_event])
[0x00007ffa0fe9cc80] Heap_lock - owner thread: 0x00000178598716e0

Heap address: 0x0000000083400000, size: 1996 MB, Compressed Oops mode: 32-bit

CDS archive(s) mapped at: [0x0000000000000000-0x0000000000000000-0x0000000000000000), size 0, SharedBaseAddress: 0x0000000800000000, ArchiveRelocationMode: 1.
Narrow klass base: 0x0000000000000000, Narrow klass shift: 0, Narrow klass range: 0x0

GC Precious Log:
 CardTable entry size: 512
 Card Set container configuration: InlinePtr #cards 5 size 8 Array Of Cards #cards 12 size 40 Howl #buckets 4 coarsen threshold 1843 Howl Bitmap #cards 512 size 80 coarsen threshold 460 Card regions per heap region 1 cards per card region 2048

Heap:
 garbage-first heap   total reserved 2043904K, committed 0K, used 0K [0x0000000083400000, 0x0000000100000000)
  region size 1024K, 0 young (0K), 0 survivors (0K)

[error occurred during error reporting (printing heap information), id 0xc0000005, EXCEPTION_ACCESS_VIOLATION (0xc0000005) at pc=0x00007ffa0f96e869]
GC Heap History (0 events):
No events

Dll operation events (1 events):
Event: 0.011 Loaded shared library C:\Users\lchra\Downloads\openjdk-22.0.2_windows-x64_bin\jdk-22.0.2\bin\java.dll

Deoptimization events (0 events):
No events

Classes loaded (0 events):
No events

Classes unloaded (0 events):
No events

Classes redefined (0 events):
No events

Internal exceptions (0 events):
No events

ZGC Phase Switch (0 events):
No events

VM Operations (0 events):
No events

Memory protections (0 events):
No events

Nmethod flushes (0 events):
No events

Events (0 events):
No events


Dynamic libraries:
0x00007ff631ce0000 - 0x00007ff631cee000 	C:\Users\lchra\Downloads\openjdk-22.0.2_windows-x64_bin\jdk-22.0.2\bin\java.exe
0x00007ffadf950000 - 0x00007ffadfb67000 	C:\WINDOWS\SYSTEM32\ntdll.dll
0x00007ffabd8b0000 - 0x00007ffabd8c9000 	C:\Program Files\Avast Software\Avast\aswhook.dll
0x00007ffade830000 - 0x00007ffade8f4000 	C:\WINDOWS\System32\KERNEL32.DLL
0x00007ffadd130000 - 0x00007ffadd4dd000 	C:\WINDOWS\System32\KERNELBASE.dll
0x00007ffadcdd0000 - 0x00007ffadcee1000 	C:\WINDOWS\System32\ucrtbase.dll
0x00007ffabfbf0000 - 0x00007ffabfc0b000 	C:\Users\lchra\Downloads\openjdk-22.0.2_windows-x64_bin\jdk-22.0.2\bin\VCRUNTIME140.dll
0x00007ffaaf1d0000 - 0x00007ffaaf1e7000 	C:\Users\lchra\Downloads\openjdk-22.0.2_windows-x64_bin\jdk-22.0.2\bin\jli.dll
0x00007ffade650000 - 0x00007ffade7fe000 	C:\WINDOWS\System32\USER32.dll
0x00007ffadcc80000 - 0x00007ffadcca6000 	C:\WINDOWS\System32\win32u.dll
0x00007ffab3fe0000 - 0x00007ffab4273000 	C:\WINDOWS\WinSxS\amd64_microsoft.windows.common-controls_6595b64144ccf1df_6.0.22621.3672_none_2713b9d173822955\COMCTL32.dll
0x00007ffadd9d0000 - 0x00007ffadda77000 	C:\WINDOWS\System32\msvcrt.dll
0x00007ffade800000 - 0x00007ffade829000 	C:\WINDOWS\System32\GDI32.dll
0x00007ffadccb0000 - 0x00007ffadcdc9000 	C:\WINDOWS\System32\gdi32full.dll
0x00007ffadd090000 - 0x00007ffadd12a000 	C:\WINDOWS\System32\msvcp_win.dll
0x00007ffadea60000 - 0x00007ffadea91000 	C:\WINDOWS\System32\IMM32.DLL
0x00007ffad56c0000 - 0x00007ffad56cc000 	C:\Users\lchra\Downloads\openjdk-22.0.2_windows-x64_bin\jdk-22.0.2\bin\vcruntime140_1.dll
0x00007ffa8d3b0000 - 0x00007ffa8d43e000 	C:\Users\lchra\Downloads\openjdk-22.0.2_windows-x64_bin\jdk-22.0.2\bin\msvcp140.dll
0x00007ffa0f230000 - 0x00007ffa0ff79000 	C:\Users\lchra\Downloads\openjdk-22.0.2_windows-x64_bin\jdk-22.0.2\bin\server\jvm.dll
0x00007ffadd910000 - 0x00007ffadd9c2000 	C:\WINDOWS\System32\ADVAPI32.dll
0x00007ffade5a0000 - 0x00007ffade649000 	C:\WINDOWS\System32\sechost.dll
0x00007ffadd060000 - 0x00007ffadd088000 	C:\WINDOWS\System32\bcrypt.dll
0x00007ffadf200000 - 0x00007ffadf314000 	C:\WINDOWS\System32\RPCRT4.dll
0x00007ffaddb60000 - 0x00007ffaddbd1000 	C:\WINDOWS\System32\WS2_32.dll
0x00007ffadbad0000 - 0x00007ffadbb1d000 	C:\WINDOWS\SYSTEM32\POWRPROF.dll
0x00007ffad82d0000 - 0x00007ffad8304000 	C:\WINDOWS\SYSTEM32\WINMM.dll
0x00007ffad82c0000 - 0x00007ffad82ca000 	C:\WINDOWS\SYSTEM32\VERSION.dll
0x00007ffadbab0000 - 0x00007ffadbac3000 	C:\WINDOWS\SYSTEM32\UMPDC.dll
0x00007ffadbd60000 - 0x00007ffadbd78000 	C:\WINDOWS\SYSTEM32\kernel.appcore.dll
0x00007ffad3d20000 - 0x00007ffad3d2a000 	C:\Users\lchra\Downloads\openjdk-22.0.2_windows-x64_bin\jdk-22.0.2\bin\jimage.dll
0x00007ffada650000 - 0x00007ffada882000 	C:\WINDOWS\SYSTEM32\DBGHELP.DLL
0x00007ffadee60000 - 0x00007ffadf1e8000 	C:\WINDOWS\System32\combase.dll
0x00007ffadeaa0000 - 0x00007ffadeb77000 	C:\WINDOWS\System32\OLEAUT32.dll
0x00007ffad4ba0000 - 0x00007ffad4bd2000 	C:\WINDOWS\SYSTEM32\dbgcore.DLL
0x00007ffadd4e0000 - 0x00007ffadd55b000 	C:\WINDOWS\System32\bcryptPrimitives.dll
0x00007ffabe1e0000 - 0x00007ffabe1fe000 	C:\Users\lchra\Downloads\openjdk-22.0.2_windows-x64_bin\jdk-22.0.2\bin\java.dll
0x00007ffaddd40000 - 0x00007ffade59f000 	C:\WINDOWS\System32\SHELL32.dll
0x00007ffadd740000 - 0x00007ffadd8e5000 	C:\WINDOWS\System32\ole32.dll

dbghelp: loaded successfully - version: 4.0.5 - missing functions: none
symbol engine: initialized successfully - sym options: 0x614 - pdb path: .;C:\Users\lchra\Downloads\openjdk-22.0.2_windows-x64_bin\jdk-22.0.2\bin;C:\WINDOWS\SYSTEM32;C:\Program Files\Avast Software\Avast;C:\WINDOWS\WinSxS\amd64_microsoft.windows.common-controls_6595b64144ccf1df_6.0.22621.3672_none_2713b9d173822955;C:\Users\lchra\Downloads\openjdk-22.0.2_windows-x64_bin\jdk-22.0.2\bin\server

VM Arguments:
java_command: C:\Users\lchra\AppData\Local\Temp\surefire4279284546970026445\surefirebooter969743006050551031.jar C:\Users\lchra\AppData\Local\Temp\surefire4279284546970026445 2024-08-22T21-17-29_221-jvmRun1 surefire2696289018320110387tmp surefire_03269058713058099226tmp
java_class_path (initial): C:\Users\lchra\AppData\Local\Temp\surefire4279284546970026445\surefirebooter969743006050551031.jar
Launcher Type: SUN_STANDARD

[Global flags]
     intx CICompilerCount                          = 4                                         {product} {ergonomic}
     uint ConcGCThreads                            = 2                                         {product} {ergonomic}
     uint G1ConcRefinementThreads                  = 8                                         {product} {ergonomic}
   size_t G1HeapRegionSize                         = 1048576                                   {product} {ergonomic}
   size_t InitialHeapSize                          = 132120576                                 {product} {ergonomic}
   size_t MarkStackSize                            = 4194304                                   {product} {ergonomic}
   size_t MaxHeapSize                              = 2092957696                                {product} {ergonomic}
   size_t MinHeapDeltaBytes                        = 1048576                                   {product} {ergonomic}
   size_t MinHeapSize                              = 8388608                                   {product} {ergonomic}
    uintx NonNMethodCodeHeapSize                   = 5839372                                {pd product} {ergonomic}
    uintx NonProfiledCodeHeapSize                  = 122909434                              {pd product} {ergonomic}
     bool PerfDisableSharedMem                     = true                                      {product} {ergonomic}
    uintx ProfiledCodeHeapSize                     = 122909434                              {pd product} {ergonomic}
    uintx ReservedCodeCacheSize                    = 251658240                              {pd product} {ergonomic}
     bool SegmentedCodeCache                       = true                                      {product} {ergonomic}
   size_t SoftMaxHeapSize                          = 2092957696                             {manageable} {ergonomic}
     bool UseCompressedOops                        = true                           {product lp64_product} {ergonomic}
     bool UseG1GC                                  = true                                      {product} {ergonomic}
     bool UseLargePagesIndividualAllocation        = false                                  {pd product} {ergonomic}

Logging:
Log output configuration:
 #0: stdout all=warning uptime,level,tags foldmultilines=false
 #1: stderr all=off uptime,level,tags foldmultilines=false

Environment Variables:
JAVA_HOME=C:\Users\lchra\Downloads\openjdk-22.0.2_windows-x64_bin\jdk-22.0.2
PATH=C:\WINDOWS\system32;C:\WINDOWS;C:\WINDOWS\System32\Wbem;C:\WINDOWS\System32\WindowsPowerShell\v1.0\;C:\WINDOWS\System32\OpenSSH\;C:\ProgramData\chocolatey\bin;C:\Program Files\PuTTY\;C:\Program Files\Git\cmd;C:\xampp\php;C:\ProgramData\ComposerSetup\bin;C:\Program Files (x86)\Mitov\Visuino;C:\Program Files\CMake\bin;C;C;C:\Program Files\dotnet\;C:\Program Files\nodejs\;C:\Program Files\GCompris-Qt\bin;C:\Users\lchra\Downloads\openjdk-22.0.2_windows-x64_bin\jdk-22.0.2\bin;C:\Users\lchra\Downloads\apache-maven-3.9.9-bin\apache-maven-3.9.9\bin;C:\Users\lchra\Downloads\openjdk-22.0.2_windows-x64_bin\jdk-22.0.2\bin;C:\Program Files (x86)\GNU Arm Embedded Toolchain\10 2021.10\bin;C:\Users\lchra\AppData\Local\Programs\Python\Python310\Scripts\;C:\Users\lchra\AppData\Local\Programs\Python\Python310\;C:\Users\lchra\AppData\Local\Microsoft\WindowsApps;C:\Users\lchra\AppData\Local\Programs\Microsoft VS Code\bin;C:\Users\lchra\AppData\Local\GitHubDesktop\bin;C:\Users\lchra\AppData\Roaming\Composer\vendor\bin;C:\WinNMP\bin;C:\Users\lchra\AppData\Roaming\npm;C:\Users\lchra\Downloads\apache-maven-3.9.9-bin\apache-maven-3.9.9\bin;
USERNAME=lchra
OS=Windows_NT
PROCESSOR_IDENTIFIER=Intel64 Family 6 Model 140 Stepping 1, GenuineIntel
TMP=C:\Users\lchra\AppData\Local\Temp
TEMP=C:\Users\lchra\AppData\Local\Temp




Periodic native trim disabled

---------------  S Y S T E M  ---------------

OS:
 Windows 11 , 64 bit Build 22621 (10.0.22621.3672)
OS uptime: 26 days 20:11 hours
Hyper-V role detected

CPU: total 8 (initial active 8) (4 cores per cpu, 2 threads per core) family 6 model 140 stepping 1 microcode 0xa4, cx8, cmov, fxsr, ht, mmx, 3dnowpref, sse, sse2, sse3, ssse3, sse4.1, sse4.2, popcnt, lzcnt, tsc, tscinvbit, avx, avx2, aes, erms, clmul, bmi1, bmi2, adx, avx512f, avx512dq, avx512cd, avx512bw, avx512vl, sha, fma, vzeroupper, avx512_vpopcntdq, avx512_vpclmulqdq, avx512_vaes, avx512_vnni, clflush, clflushopt, clwb, avx512_vbmi2, avx512_vbmi, hv, rdtscp, rdpid, fsrm, gfni, avx512_bitalg, f16c, cet_ibt, cet_ss, avx512_ifma
Processor Information for all 8 processors :
  Max Mhz: 2419, Current Mhz: 2419, Mhz Limit: 2419

Memory: 4k page, system-wide physical 7979M (257M free)
TotalPageFile size 32555M (AvailPageFile size 108M)
current process WorkingSet (physical memory assigned to process): 12M, peak: 12M
current process commit charge ("private bytes"): 61M, peak: 186M

vm_info: OpenJDK 64-Bit Server VM (22.0.2+9-70) for windows-amd64 JRE (22.0.2+9-70), built on 2024-06-04T16:52:23Z by "mach5one" with MS VC++ 17.6 (VS2022)

END.
